Analysis & Synthesis report for ECE241Lab2Part2
Sun Sep 26 23:39:36 2021
Quartus Prime Version 18.0.0 Build 614 04/24/2018 SJ Lite Edition


---------------------
; Table of Contents ;
---------------------
  1. Legal Notice
  2. Analysis & Synthesis Summary
  3. Analysis & Synthesis Settings
  4. Parallel Compilation
  5. Analysis & Synthesis Source Files Read
  6. Analysis & Synthesis Resource Usage Summary
  7. Analysis & Synthesis Resource Utilization by Entity
  8. General Register Statistics
  9. Port Connectivity Checks: "mux2to1:mux1|v7432:v7432c1"
 10. Port Connectivity Checks: "mux2to1:mux1|v7408:v7408c1"
 11. Port Connectivity Checks: "mux2to1:mux1|v7404:v7404c1"
 12. Post-Synthesis Netlist Statistics for Top Partition
 13. Elapsed Time Per Partition
 14. Analysis & Synthesis Messages



----------------
; Legal Notice ;
----------------
Copyright (C) 2018  Intel Corporation. All rights reserved.
Your use of Intel Corporation's design tools, logic functions 
and other software and tools, and its AMPP partner logic 
functions, and any output files from any of the foregoing 
(including device programming or simulation files), and any 
associated documentation or information are expressly subject 
to the terms and conditions of the Intel Program License 
Subscription Agreement, the Intel Quartus Prime License Agreement,
the Intel FPGA IP License Agreement, or other applicable license
agreement, including, without limitation, that your use is for
the sole purpose of programming logic devices manufactured by
Intel and sold by Intel or its authorized distributors.  Please
refer to the applicable agreement for further details.



+-------------------------------------------------------------------------------+
; Analysis & Synthesis Summary                                                  ;
+---------------------------------+---------------------------------------------+
; Analysis & Synthesis Status     ; Successful - Sun Sep 26 23:39:36 2021       ;
; Quartus Prime Version           ; 18.0.0 Build 614 04/24/2018 SJ Lite Edition ;
; Revision Name                   ; ECE241Lab2Part2                             ;
; Top-level Entity Name           ; main                                        ;
; Family                          ; Cyclone V                                   ;
; Logic utilization (in ALMs)     ; N/A                                         ;
; Total registers                 ; 0                                           ;
; Total pins                      ; 87                                          ;
; Total virtual pins              ; 0                                           ;
; Total block memory bits         ; 0                                           ;
; Total DSP Blocks                ; 0                                           ;
; Total HSSI RX PCSs              ; 0                                           ;
; Total HSSI PMA RX Deserializers ; 0                                           ;
; Total HSSI TX PCSs              ; 0                                           ;
; Total HSSI PMA TX Serializers   ; 0                                           ;
; Total PLLs                      ; 0                                           ;
; Total DLLs                      ; 0                                           ;
+---------------------------------+---------------------------------------------+


+---------------------------------------------------------------------------------------------------------------------------+
; Analysis & Synthesis Settings                                                                                             ;
+---------------------------------------------------------------------------------+--------------------+--------------------+
; Option                                                                          ; Setting            ; Default Value      ;
+---------------------------------------------------------------------------------+--------------------+--------------------+
; Device                                                                          ; 5CGXFC7C7F23C8     ;                    ;
; Top-level entity name                                                           ; main               ; ECE241Lab2Part2    ;
; Family name                                                                     ; Cyclone V          ; Cyclone V          ;
; Use smart compilation                                                           ; Off                ; Off                ;
; Enable parallel Assembler and Timing Analyzer during compilation                ; On                 ; On                 ;
; Enable compact report table                                                     ; Off                ; Off                ;
; Restructure Multiplexers                                                        ; Auto               ; Auto               ;
; MLAB Add Timing Constraints For Mixed-Port Feed-Through Mode Setting Don't Care ; Off                ; Off                ;
; Create Debugging Nodes for IP Cores                                             ; Off                ; Off                ;
; Preserve fewer node names                                                       ; On                 ; On                 ;
; Intel FPGA IP Evaluation Mode                                                   ; Enable             ; Enable             ;
; Verilog Version                                                                 ; Verilog_2001       ; Verilog_2001       ;
; VHDL Version                                                                    ; VHDL_1993          ; VHDL_1993          ;
; State Machine Processing                                                        ; Auto               ; Auto               ;
; Safe State Machine                                                              ; Off                ; Off                ;
; Extract Verilog State Machines                                                  ; On                 ; On                 ;
; Extract VHDL State Machines                                                     ; On                 ; On                 ;
; Ignore Verilog initial constructs                                               ; Off                ; Off                ;
; Iteration limit for constant Verilog loops                                      ; 5000               ; 5000               ;
; Iteration limit for non-constant Verilog loops                                  ; 250                ; 250                ;
; Add Pass-Through Logic to Inferred RAMs                                         ; On                 ; On                 ;
; Infer RAMs from Raw Logic                                                       ; On                 ; On                 ;
; Parallel Synthesis                                                              ; On                 ; On                 ;
; DSP Block Balancing                                                             ; Auto               ; Auto               ;
; NOT Gate Push-Back                                                              ; On                 ; On                 ;
; Power-Up Don't Care                                                             ; On                 ; On                 ;
; Remove Redundant Logic Cells                                                    ; Off                ; Off                ;
; Remove Duplicate Registers                                                      ; On                 ; On                 ;
; Ignore CARRY Buffers                                                            ; Off                ; Off                ;
; Ignore CASCADE Buffers                                                          ; Off                ; Off                ;
; Ignore GLOBAL Buffers                                                           ; Off                ; Off                ;
; Ignore ROW GLOBAL Buffers                                                       ; Off                ; Off                ;
; Ignore LCELL Buffers                                                            ; Off                ; Off                ;
; Ignore SOFT Buffers                                                             ; On                 ; On                 ;
; Limit AHDL Integers to 32 Bits                                                  ; Off                ; Off                ;
; Optimization Technique                                                          ; Balanced           ; Balanced           ;
; Carry Chain Length                                                              ; 70                 ; 70                 ;
; Auto Carry Chains                                                               ; On                 ; On                 ;
; Auto Open-Drain Pins                                                            ; On                 ; On                 ;
; Perform WYSIWYG Primitive Resynthesis                                           ; Off                ; Off                ;
; Auto ROM Replacement                                                            ; On                 ; On                 ;
; Auto RAM Replacement                                                            ; On                 ; On                 ;
; Auto DSP Block Replacement                                                      ; On                 ; On                 ;
; Auto Shift Register Replacement                                                 ; Auto               ; Auto               ;
; Allow Shift Register Merging across Hierarchies                                 ; Auto               ; Auto               ;
; Auto Clock Enable Replacement                                                   ; On                 ; On                 ;
; Strict RAM Replacement                                                          ; Off                ; Off                ;
; Allow Synchronous Control Signals                                               ; On                 ; On                 ;
; Force Use of Synchronous Clear Signals                                          ; Off                ; Off                ;
; Auto Resource Sharing                                                           ; Off                ; Off                ;
; Allow Any RAM Size For Recognition                                              ; Off                ; Off                ;
; Allow Any ROM Size For Recognition                                              ; Off                ; Off                ;
; Allow Any Shift Register Size For Recognition                                   ; Off                ; Off                ;
; Use LogicLock Constraints during Resource Balancing                             ; On                 ; On                 ;
; Ignore translate_off and synthesis_off directives                               ; Off                ; Off                ;
; Timing-Driven Synthesis                                                         ; On                 ; On                 ;
; Report Parameter Settings                                                       ; On                 ; On                 ;
; Report Source Assignments                                                       ; On                 ; On                 ;
; Report Connectivity Checks                                                      ; On                 ; On                 ;
; Ignore Maximum Fan-Out Assignments                                              ; Off                ; Off                ;
; Synchronization Register Chain Length                                           ; 3                  ; 3                  ;
; Power Optimization During Synthesis                                             ; Normal compilation ; Normal compilation ;
; HDL message level                                                               ; Level2             ; Level2             ;
; Suppress Register Optimization Related Messages                                 ; Off                ; Off                ;
; Number of Removed Registers Reported in Synthesis Report                        ; 5000               ; 5000               ;
; Number of Swept Nodes Reported in Synthesis Report                              ; 5000               ; 5000               ;
; Number of Inverted Registers Reported in Synthesis Report                       ; 100                ; 100                ;
; Clock MUX Protection                                                            ; On                 ; On                 ;
; Auto Gated Clock Conversion                                                     ; Off                ; Off                ;
; Block Design Naming                                                             ; Auto               ; Auto               ;
; SDC constraint protection                                                       ; Off                ; Off                ;
; Synthesis Effort                                                                ; Auto               ; Auto               ;
; Shift Register Replacement - Allow Asynchronous Clear Signal                    ; On                 ; On                 ;
; Pre-Mapping Resynthesis Optimization                                            ; Off                ; Off                ;
; Analysis & Synthesis Message Level                                              ; Medium             ; Medium             ;
; Disable Register Merging Across Hierarchies                                     ; Auto               ; Auto               ;
; Resource Aware Inference For Block RAM                                          ; On                 ; On                 ;
; Automatic Parallel Synthesis                                                    ; On                 ; On                 ;
; Partial Reconfiguration Bitstream ID                                            ; Off                ; Off                ;
+---------------------------------------------------------------------------------+--------------------+--------------------+


+------------------------------------------+
; Parallel Compilation                     ;
+----------------------------+-------------+
; Processors                 ; Number      ;
+----------------------------+-------------+
; Number detected on machine ; 12          ;
; Maximum allowed            ; 6           ;
;                            ;             ;
; Average used               ; 1.00        ;
; Maximum used               ; 1           ;
;                            ;             ;
; Usage by Processor         ; % Time Used ;
;     Processor 1            ; 100.0%      ;
+----------------------------+-------------+


+--------------------------------------------------------------------------------------------------------------------------------------------------------------------------+
; Analysis & Synthesis Source Files Read                                                                                                                                   ;
+----------------------------------+-----------------+------------------------+----------------------------------------------------------------------------------+---------+
; File Name with User-Entered Path ; Used in Netlist ; File Type              ; File Name with Absolute Path                                                     ; Library ;
+----------------------------------+-----------------+------------------------+----------------------------------------------------------------------------------+---------+
; ECE241Lab2Part2.v                ; yes             ; User Verilog HDL File  ; C:/Users/cdeme/Desktop/UofT/Second Year/Fall/ECE241/Lab2/Part2/ECE241Lab2Part2.v ;         ;
+----------------------------------+-----------------+------------------------+----------------------------------------------------------------------------------+---------+


+---------------------------------------------------------------------------------+
; Analysis & Synthesis Resource Usage Summary                                     ;
+---------------------------------------------+-----------------------------------+
; Resource                                    ; Usage                             ;
+---------------------------------------------+-----------------------------------+
; Estimate of Logic utilization (ALMs needed) ; 1                                 ;
;                                             ;                                   ;
; Combinational ALUT usage for logic          ; 1                                 ;
;     -- 7 input functions                    ; 0                                 ;
;     -- 6 input functions                    ; 0                                 ;
;     -- 5 input functions                    ; 0                                 ;
;     -- 4 input functions                    ; 0                                 ;
;     -- <=3 input functions                  ; 1                                 ;
;                                             ;                                   ;
; Dedicated logic registers                   ; 0                                 ;
;                                             ;                                   ;
; I/O pins                                    ; 87                                ;
;                                             ;                                   ;
; Total DSP Blocks                            ; 0                                 ;
;                                             ;                                   ;
; Maximum fan-out node                        ; mux2to1:mux1|v7432:v7432c1|pin3~0 ;
; Maximum fan-out                             ; 1                                 ;
; Total fan-out                               ; 91                                ;
; Average fan-out                             ; 0.52                              ;
+---------------------------------------------+-----------------------------------+


+-----------------------------------------------------------------------------------------------------------------------------------------------------------------------------------------------------+
; Analysis & Synthesis Resource Utilization by Entity                                                                                                                                                 ;
+----------------------------+---------------------+---------------------------+-------------------+------------+------+--------------+----------------------------------+-------------+--------------+
; Compilation Hierarchy Node ; Combinational ALUTs ; Dedicated Logic Registers ; Block Memory Bits ; DSP Blocks ; Pins ; Virtual Pins ; Full Hierarchy Name              ; Entity Name ; Library Name ;
+----------------------------+---------------------+---------------------------+-------------------+------------+------+--------------+----------------------------------+-------------+--------------+
; |main                      ; 1 (0)               ; 0 (0)                     ; 0                 ; 0          ; 87   ; 0            ; |main                            ; main        ; work         ;
;    |mux2to1:mux1|          ; 1 (0)               ; 0 (0)                     ; 0                 ; 0          ; 0    ; 0            ; |main|mux2to1:mux1               ; mux2to1     ; work         ;
;       |v7432:v7432c1|      ; 1 (1)               ; 0 (0)                     ; 0                 ; 0          ; 0    ; 0            ; |main|mux2to1:mux1|v7432:v7432c1 ; v7432       ; work         ;
+----------------------------+---------------------+---------------------------+-------------------+------------+------+--------------+----------------------------------+-------------+--------------+
Note: For table entries with two numbers listed, the numbers in parentheses indicate the number of resources of the given type used by the specific entity alone. The numbers listed outside of parentheses indicate the total resources of the given type used by the specific entity and all of its sub-entities in the hierarchy.


+------------------------------------------------------+
; General Register Statistics                          ;
+----------------------------------------------+-------+
; Statistic                                    ; Value ;
+----------------------------------------------+-------+
; Total registers                              ; 0     ;
; Number of registers using Synchronous Clear  ; 0     ;
; Number of registers using Synchronous Load   ; 0     ;
; Number of registers using Asynchronous Clear ; 0     ;
; Number of registers using Asynchronous Load  ; 0     ;
; Number of registers using Clock Enable       ; 0     ;
; Number of registers using Preset             ; 0     ;
+----------------------------------------------+-------+


+--------------------------------------------------------------------------------------------------------------------------------------------------------------------------+
; Port Connectivity Checks: "mux2to1:mux1|v7432:v7432c1"                                                                                                                   ;
+-------+--------+----------+----------------------------------------------------------------------------------------------------------------------------------------------+
; Port  ; Type   ; Severity ; Details                                                                                                                                      ;
+-------+--------+----------+----------------------------------------------------------------------------------------------------------------------------------------------+
; pin5  ; Input  ; Warning  ; Declared by entity but not connected by instance. If a default value exists, it will be used.  Otherwise, the port will be connected to GND. ;
; pin9  ; Input  ; Warning  ; Declared by entity but not connected by instance. If a default value exists, it will be used.  Otherwise, the port will be connected to GND. ;
; pin11 ; Output ; Warning  ; Declared by entity but not connected by instance. Logic that only feeds a dangling port will be removed.                                     ;
; pin13 ; Input  ; Warning  ; Declared by entity but not connected by instance. If a default value exists, it will be used.  Otherwise, the port will be connected to GND. ;
; pin4  ; Input  ; Warning  ; Declared by entity but not connected by instance. If a default value exists, it will be used.  Otherwise, the port will be connected to GND. ;
; pin6  ; Output ; Warning  ; Declared by entity but not connected by instance. Logic that only feeds a dangling port will be removed.                                     ;
; pin8  ; Output ; Warning  ; Declared by entity but not connected by instance. Logic that only feeds a dangling port will be removed.                                     ;
; pin10 ; Input  ; Warning  ; Declared by entity but not connected by instance. If a default value exists, it will be used.  Otherwise, the port will be connected to GND. ;
; pin12 ; Input  ; Warning  ; Declared by entity but not connected by instance. If a default value exists, it will be used.  Otherwise, the port will be connected to GND. ;
+-------+--------+----------+----------------------------------------------------------------------------------------------------------------------------------------------+


+--------------------------------------------------------------------------------------------------------------------------------------------------------------------------+
; Port Connectivity Checks: "mux2to1:mux1|v7408:v7408c1"                                                                                                                   ;
+-------+--------+----------+----------------------------------------------------------------------------------------------------------------------------------------------+
; Port  ; Type   ; Severity ; Details                                                                                                                                      ;
+-------+--------+----------+----------------------------------------------------------------------------------------------------------------------------------------------+
; pin9  ; Input  ; Warning  ; Declared by entity but not connected by instance. If a default value exists, it will be used.  Otherwise, the port will be connected to GND. ;
; pin11 ; Output ; Warning  ; Declared by entity but not connected by instance. Logic that only feeds a dangling port will be removed.                                     ;
; pin13 ; Input  ; Warning  ; Declared by entity but not connected by instance. If a default value exists, it will be used.  Otherwise, the port will be connected to GND. ;
; pin8  ; Output ; Warning  ; Declared by entity but not connected by instance. Logic that only feeds a dangling port will be removed.                                     ;
; pin10 ; Input  ; Warning  ; Declared by entity but not connected by instance. If a default value exists, it will be used.  Otherwise, the port will be connected to GND. ;
; pin12 ; Input  ; Warning  ; Declared by entity but not connected by instance. If a default value exists, it will be used.  Otherwise, the port will be connected to GND. ;
+-------+--------+----------+----------------------------------------------------------------------------------------------------------------------------------------------+


+--------------------------------------------------------------------------------------------------------------------------------------------------------------------------+
; Port Connectivity Checks: "mux2to1:mux1|v7404:v7404c1"                                                                                                                   ;
+-------+--------+----------+----------------------------------------------------------------------------------------------------------------------------------------------+
; Port  ; Type   ; Severity ; Details                                                                                                                                      ;
+-------+--------+----------+----------------------------------------------------------------------------------------------------------------------------------------------+
; pin3  ; Input  ; Warning  ; Declared by entity but not connected by instance. If a default value exists, it will be used.  Otherwise, the port will be connected to GND. ;
; pin5  ; Input  ; Warning  ; Declared by entity but not connected by instance. If a default value exists, it will be used.  Otherwise, the port will be connected to GND. ;
; pin9  ; Input  ; Warning  ; Declared by entity but not connected by instance. If a default value exists, it will be used.  Otherwise, the port will be connected to GND. ;
; pin11 ; Input  ; Warning  ; Declared by entity but not connected by instance. If a default value exists, it will be used.  Otherwise, the port will be connected to GND. ;
; pin13 ; Input  ; Warning  ; Declared by entity but not connected by instance. If a default value exists, it will be used.  Otherwise, the port will be connected to GND. ;
; pin4  ; Output ; Warning  ; Declared by entity but not connected by instance. Logic that only feeds a dangling port will be removed.                                     ;
; pin6  ; Output ; Warning  ; Declared by entity but not connected by instance. Logic that only feeds a dangling port will be removed.                                     ;
; pin8  ; Output ; Warning  ; Declared by entity but not connected by instance. Logic that only feeds a dangling port will be removed.                                     ;
; pin10 ; Output ; Warning  ; Declared by entity but not connected by instance. Logic that only feeds a dangling port will be removed.                                     ;
; pin12 ; Output ; Warning  ; Declared by entity but not connected by instance. Logic that only feeds a dangling port will be removed.                                     ;
+-------+--------+----------+----------------------------------------------------------------------------------------------------------------------------------------------+


+-----------------------------------------------------+
; Post-Synthesis Netlist Statistics for Top Partition ;
+-----------------------+-----------------------------+
; Type                  ; Count                       ;
+-----------------------+-----------------------------+
; arriav_lcell_comb     ; 2                           ;
;     normal            ; 2                           ;
;         0 data inputs ; 1                           ;
;         3 data inputs ; 1                           ;
; boundary_port         ; 87                          ;
;                       ;                             ;
; Max LUT depth         ; 1.00                        ;
; Average LUT depth     ; 0.80                        ;
+-----------------------+-----------------------------+


+-------------------------------+
; Elapsed Time Per Partition    ;
+----------------+--------------+
; Partition Name ; Elapsed Time ;
+----------------+--------------+
; Top            ; 00:00:00     ;
+----------------+--------------+


+-------------------------------+
; Analysis & Synthesis Messages ;
+-------------------------------+
Info: *******************************************************************
Info: Running Quartus Prime Analysis & Synthesis
    Info: Version 18.0.0 Build 614 04/24/2018 SJ Lite Edition
    Info: Processing started: Sun Sep 26 23:39:26 2021
Info: Command: quartus_map --read_settings_files=on --write_settings_files=off ECE241Lab2Part2 -c ECE241Lab2Part2
Warning (18236): Number of processors has not been specified which may cause overloading on shared machines.  Set the global assignment NUM_PARALLEL_PROCESSORS in your QSF to an appropriate value for best performance.
Info (20030): Parallel compilation is enabled and will use 6 of the 6 processors detected
Info (12021): Found 5 design units, including 5 entities, in source file ece241lab2part2.v
    Info (12023): Found entity 1: main File: C:/Users/cdeme/Desktop/UofT/Second Year/Fall/ECE241/Lab2/Part2/ECE241Lab2Part2.v Line: 5
    Info (12023): Found entity 2: v7404 File: C:/Users/cdeme/Desktop/UofT/Second Year/Fall/ECE241/Lab2/Part2/ECE241Lab2Part2.v Line: 30
    Info (12023): Found entity 3: v7408 File: C:/Users/cdeme/Desktop/UofT/Second Year/Fall/ECE241/Lab2/Part2/ECE241Lab2Part2.v Line: 46
    Info (12023): Found entity 4: v7432 File: C:/Users/cdeme/Desktop/UofT/Second Year/Fall/ECE241/Lab2/Part2/ECE241Lab2Part2.v Line: 60
    Info (12023): Found entity 5: mux2to1 File: C:/Users/cdeme/Desktop/UofT/Second Year/Fall/ECE241/Lab2/Part2/ECE241Lab2Part2.v Line: 73
Info (12127): Elaborating entity "main" for the top level hierarchy
Warning (10034): Output port "HEX0" at ECE241Lab2Part2.v(9) has no driver File: C:/Users/cdeme/Desktop/UofT/Second Year/Fall/ECE241/Lab2/Part2/ECE241Lab2Part2.v Line: 9
Warning (10034): Output port "HEX1" at ECE241Lab2Part2.v(10) has no driver File: C:/Users/cdeme/Desktop/UofT/Second Year/Fall/ECE241/Lab2/Part2/ECE241Lab2Part2.v Line: 10
Warning (10034): Output port "HEX2" at ECE241Lab2Part2.v(11) has no driver File: C:/Users/cdeme/Desktop/UofT/Second Year/Fall/ECE241/Lab2/Part2/ECE241Lab2Part2.v Line: 11
Warning (10034): Output port "HEX3" at ECE241Lab2Part2.v(12) has no driver File: C:/Users/cdeme/Desktop/UofT/Second Year/Fall/ECE241/Lab2/Part2/ECE241Lab2Part2.v Line: 12
Warning (10034): Output port "HEX4" at ECE241Lab2Part2.v(13) has no driver File: C:/Users/cdeme/Desktop/UofT/Second Year/Fall/ECE241/Lab2/Part2/ECE241Lab2Part2.v Line: 13
Warning (10034): Output port "HEX5" at ECE241Lab2Part2.v(14) has no driver File: C:/Users/cdeme/Desktop/UofT/Second Year/Fall/ECE241/Lab2/Part2/ECE241Lab2Part2.v Line: 14
Warning (10034): Output port "LEDR[9..1]" at ECE241Lab2Part2.v(15) has no driver File: C:/Users/cdeme/Desktop/UofT/Second Year/Fall/ECE241/Lab2/Part2/ECE241Lab2Part2.v Line: 15
Warning (10034): Output port "x" at ECE241Lab2Part2.v(16) has no driver File: C:/Users/cdeme/Desktop/UofT/Second Year/Fall/ECE241/Lab2/Part2/ECE241Lab2Part2.v Line: 16
Warning (10034): Output port "y" at ECE241Lab2Part2.v(17) has no driver File: C:/Users/cdeme/Desktop/UofT/Second Year/Fall/ECE241/Lab2/Part2/ECE241Lab2Part2.v Line: 17
Warning (10034): Output port "colour" at ECE241Lab2Part2.v(18) has no driver File: C:/Users/cdeme/Desktop/UofT/Second Year/Fall/ECE241/Lab2/Part2/ECE241Lab2Part2.v Line: 18
Warning (10034): Output port "plot" at ECE241Lab2Part2.v(19) has no driver File: C:/Users/cdeme/Desktop/UofT/Second Year/Fall/ECE241/Lab2/Part2/ECE241Lab2Part2.v Line: 19
Warning (10034): Output port "vga_resetn" at ECE241Lab2Part2.v(21) has no driver File: C:/Users/cdeme/Desktop/UofT/Second Year/Fall/ECE241/Lab2/Part2/ECE241Lab2Part2.v Line: 21
Info (12128): Elaborating entity "mux2to1" for hierarchy "mux2to1:mux1" File: C:/Users/cdeme/Desktop/UofT/Second Year/Fall/ECE241/Lab2/Part2/ECE241Lab2Part2.v Line: 24
Info (12128): Elaborating entity "v7404" for hierarchy "mux2to1:mux1|v7404:v7404c1" File: C:/Users/cdeme/Desktop/UofT/Second Year/Fall/ECE241/Lab2/Part2/ECE241Lab2Part2.v Line: 80
Info (12128): Elaborating entity "v7408" for hierarchy "mux2to1:mux1|v7408:v7408c1" File: C:/Users/cdeme/Desktop/UofT/Second Year/Fall/ECE241/Lab2/Part2/ECE241Lab2Part2.v Line: 81
Info (12128): Elaborating entity "v7432" for hierarchy "mux2to1:mux1|v7432:v7432c1" File: C:/Users/cdeme/Desktop/UofT/Second Year/Fall/ECE241/Lab2/Part2/ECE241Lab2Part2.v Line: 82
Warning (12241): 3 hierarchies have connectivity warnings - see the Connectivity Checks report folder
Warning (13024): Output pins are stuck at VCC or GND
    Warning (13410): Pin "HEX0[0]" is stuck at GND File: C:/Users/cdeme/Desktop/UofT/Second Year/Fall/ECE241/Lab2/Part2/ECE241Lab2Part2.v Line: 9
    Warning (13410): Pin "HEX0[1]" is stuck at GND File: C:/Users/cdeme/Desktop/UofT/Second Year/Fall/ECE241/Lab2/Part2/ECE241Lab2Part2.v Line: 9
    Warning (13410): Pin "HEX0[2]" is stuck at GND File: C:/Users/cdeme/Desktop/UofT/Second Year/Fall/ECE241/Lab2/Part2/ECE241Lab2Part2.v Line: 9
    Warning (13410): Pin "HEX0[3]" is stuck at GND File: C:/Users/cdeme/Desktop/UofT/Second Year/Fall/ECE241/Lab2/Part2/ECE241Lab2Part2.v Line: 9
    Warning (13410): Pin "HEX0[4]" is stuck at GND File: C:/Users/cdeme/Desktop/UofT/Second Year/Fall/ECE241/Lab2/Part2/ECE241Lab2Part2.v Line: 9
    Warning (13410): Pin "HEX0[5]" is stuck at GND File: C:/Users/cdeme/Desktop/UofT/Second Year/Fall/ECE241/Lab2/Part2/ECE241Lab2Part2.v Line: 9
    Warning (13410): Pin "HEX0[6]" is stuck at GND File: C:/Users/cdeme/Desktop/UofT/Second Year/Fall/ECE241/Lab2/Part2/ECE241Lab2Part2.v Line: 9
    Warning (13410): Pin "HEX1[0]" is stuck at GND File: C:/Users/cdeme/Desktop/UofT/Second Year/Fall/ECE241/Lab2/Part2/ECE241Lab2Part2.v Line: 10
    Warning (13410): Pin "HEX1[1]" is stuck at GND File: C:/Users/cdeme/Desktop/UofT/Second Year/Fall/ECE241/Lab2/Part2/ECE241Lab2Part2.v Line: 10
    Warning (13410): Pin "HEX1[2]" is stuck at GND File: C:/Users/cdeme/Desktop/UofT/Second Year/Fall/ECE241/Lab2/Part2/ECE241Lab2Part2.v Line: 10
    Warning (13410): Pin "HEX1[3]" is stuck at GND File: C:/Users/cdeme/Desktop/UofT/Second Year/Fall/ECE241/Lab2/Part2/ECE241Lab2Part2.v Line: 10
    Warning (13410): Pin "HEX1[4]" is stuck at GND File: C:/Users/cdeme/Desktop/UofT/Second Year/Fall/ECE241/Lab2/Part2/ECE241Lab2Part2.v Line: 10
    Warning (13410): Pin "HEX1[5]" is stuck at GND File: C:/Users/cdeme/Desktop/UofT/Second Year/Fall/ECE241/Lab2/Part2/ECE241Lab2Part2.v Line: 10
    Warning (13410): Pin "HEX1[6]" is stuck at GND File: C:/Users/cdeme/Desktop/UofT/Second Year/Fall/ECE241/Lab2/Part2/ECE241Lab2Part2.v Line: 10
    Warning (13410): Pin "HEX2[0]" is stuck at GND File: C:/Users/cdeme/Desktop/UofT/Second Year/Fall/ECE241/Lab2/Part2/ECE241Lab2Part2.v Line: 11
    Warning (13410): Pin "HEX2[1]" is stuck at GND File: C:/Users/cdeme/Desktop/UofT/Second Year/Fall/ECE241/Lab2/Part2/ECE241Lab2Part2.v Line: 11
    Warning (13410): Pin "HEX2[2]" is stuck at GND File: C:/Users/cdeme/Desktop/UofT/Second Year/Fall/ECE241/Lab2/Part2/ECE241Lab2Part2.v Line: 11
    Warning (13410): Pin "HEX2[3]" is stuck at GND File: C:/Users/cdeme/Desktop/UofT/Second Year/Fall/ECE241/Lab2/Part2/ECE241Lab2Part2.v Line: 11
    Warning (13410): Pin "HEX2[4]" is stuck at GND File: C:/Users/cdeme/Desktop/UofT/Second Year/Fall/ECE241/Lab2/Part2/ECE241Lab2Part2.v Line: 11
    Warning (13410): Pin "HEX2[5]" is stuck at GND File: C:/Users/cdeme/Desktop/UofT/Second Year/Fall/ECE241/Lab2/Part2/ECE241Lab2Part2.v Line: 11
    Warning (13410): Pin "HEX2[6]" is stuck at GND File: C:/Users/cdeme/Desktop/UofT/Second Year/Fall/ECE241/Lab2/Part2/ECE241Lab2Part2.v Line: 11
    Warning (13410): Pin "HEX3[0]" is stuck at GND File: C:/Users/cdeme/Desktop/UofT/Second Year/Fall/ECE241/Lab2/Part2/ECE241Lab2Part2.v Line: 12
    Warning (13410): Pin "HEX3[1]" is stuck at GND File: C:/Users/cdeme/Desktop/UofT/Second Year/Fall/ECE241/Lab2/Part2/ECE241Lab2Part2.v Line: 12
    Warning (13410): Pin "HEX3[2]" is stuck at GND File: C:/Users/cdeme/Desktop/UofT/Second Year/Fall/ECE241/Lab2/Part2/ECE241Lab2Part2.v Line: 12
    Warning (13410): Pin "HEX3[3]" is stuck at GND File: C:/Users/cdeme/Desktop/UofT/Second Year/Fall/ECE241/Lab2/Part2/ECE241Lab2Part2.v Line: 12
    Warning (13410): Pin "HEX3[4]" is stuck at GND File: C:/Users/cdeme/Desktop/UofT/Second Year/Fall/ECE241/Lab2/Part2/ECE241Lab2Part2.v Line: 12
    Warning (13410): Pin "HEX3[5]" is stuck at GND File: C:/Users/cdeme/Desktop/UofT/Second Year/Fall/ECE241/Lab2/Part2/ECE241Lab2Part2.v Line: 12
    Warning (13410): Pin "HEX3[6]" is stuck at GND File: C:/Users/cdeme/Desktop/UofT/Second Year/Fall/ECE241/Lab2/Part2/ECE241Lab2Part2.v Line: 12
    Warning (13410): Pin "HEX4[0]" is stuck at GND File: C:/Users/cdeme/Desktop/UofT/Second Year/Fall/ECE241/Lab2/Part2/ECE241Lab2Part2.v Line: 13
    Warning (13410): Pin "HEX4[1]" is stuck at GND File: C:/Users/cdeme/Desktop/UofT/Second Year/Fall/ECE241/Lab2/Part2/ECE241Lab2Part2.v Line: 13
    Warning (13410): Pin "HEX4[2]" is stuck at GND File: C:/Users/cdeme/Desktop/UofT/Second Year/Fall/ECE241/Lab2/Part2/ECE241Lab2Part2.v Line: 13
    Warning (13410): Pin "HEX4[3]" is stuck at GND File: C:/Users/cdeme/Desktop/UofT/Second Year/Fall/ECE241/Lab2/Part2/ECE241Lab2Part2.v Line: 13
    Warning (13410): Pin "HEX4[4]" is stuck at GND File: C:/Users/cdeme/Desktop/UofT/Second Year/Fall/ECE241/Lab2/Part2/ECE241Lab2Part2.v Line: 13
    Warning (13410): Pin "HEX4[5]" is stuck at GND File: C:/Users/cdeme/Desktop/UofT/Second Year/Fall/ECE241/Lab2/Part2/ECE241Lab2Part2.v Line: 13
    Warning (13410): Pin "HEX4[6]" is stuck at GND File: C:/Users/cdeme/Desktop/UofT/Second Year/Fall/ECE241/Lab2/Part2/ECE241Lab2Part2.v Line: 13
    Warning (13410): Pin "HEX5[0]" is stuck at GND File: C:/Users/cdeme/Desktop/UofT/Second Year/Fall/ECE241/Lab2/Part2/ECE241Lab2Part2.v Line: 14
    Warning (13410): Pin "HEX5[1]" is stuck at GND File: C:/Users/cdeme/Desktop/UofT/Second Year/Fall/ECE241/Lab2/Part2/ECE241Lab2Part2.v Line: 14
    Warning (13410): Pin "HEX5[2]" is stuck at GND File: C:/Users/cdeme/Desktop/UofT/Second Year/Fall/ECE241/Lab2/Part2/ECE241Lab2Part2.v Line: 14
    Warning (13410): Pin "HEX5[3]" is stuck at GND File: C:/Users/cdeme/Desktop/UofT/Second Year/Fall/ECE241/Lab2/Part2/ECE241Lab2Part2.v Line: 14
    Warning (13410): Pin "HEX5[4]" is stuck at GND File: C:/Users/cdeme/Desktop/UofT/Second Year/Fall/ECE241/Lab2/Part2/ECE241Lab2Part2.v Line: 14
    Warning (13410): Pin "HEX5[5]" is stuck at GND File: C:/Users/cdeme/Desktop/UofT/Second Year/Fall/ECE241/Lab2/Part2/ECE241Lab2Part2.v Line: 14
    Warning (13410): Pin "HEX5[6]" is stuck at GND File: C:/Users/cdeme/Desktop/UofT/Second Year/Fall/ECE241/Lab2/Part2/ECE241Lab2Part2.v Line: 14
    Warning (13410): Pin "LEDR[1]" is stuck at GND File: C:/Users/cdeme/Desktop/UofT/Second Year/Fall/ECE241/Lab2/Part2/ECE241Lab2Part2.v Line: 15
    Warning (13410): Pin "LEDR[2]" is stuck at GND File: C:/Users/cdeme/Desktop/UofT/Second Year/Fall/ECE241/Lab2/Part2/ECE241Lab2Part2.v Line: 15
    Warning (13410): Pin "LEDR[3]" is stuck at GND File: C:/Users/cdeme/Desktop/UofT/Second Year/Fall/ECE241/Lab2/Part2/ECE241Lab2Part2.v Line: 15
    Warning (13410): Pin "LEDR[4]" is stuck at GND File: C:/Users/cdeme/Desktop/UofT/Second Year/Fall/ECE241/Lab2/Part2/ECE241Lab2Part2.v Line: 15
    Warning (13410): Pin "LEDR[5]" is stuck at GND File: C:/Users/cdeme/Desktop/UofT/Second Year/Fall/ECE241/Lab2/Part2/ECE241Lab2Part2.v Line: 15
    Warning (13410): Pin "LEDR[6]" is stuck at GND File: C:/Users/cdeme/Desktop/UofT/Second Year/Fall/ECE241/Lab2/Part2/ECE241Lab2Part2.v Line: 15
    Warning (13410): Pin "LEDR[7]" is stuck at GND File: C:/Users/cdeme/Desktop/UofT/Second Year/Fall/ECE241/Lab2/Part2/ECE241Lab2Part2.v Line: 15
    Warning (13410): Pin "LEDR[8]" is stuck at GND File: C:/Users/cdeme/Desktop/UofT/Second Year/Fall/ECE241/Lab2/Part2/ECE241Lab2Part2.v Line: 15
    Warning (13410): Pin "LEDR[9]" is stuck at GND File: C:/Users/cdeme/Desktop/UofT/Second Year/Fall/ECE241/Lab2/Part2/ECE241Lab2Part2.v Line: 15
    Warning (13410): Pin "x[0]" is stuck at GND File: C:/Users/cdeme/Desktop/UofT/Second Year/Fall/ECE241/Lab2/Part2/ECE241Lab2Part2.v Line: 16
    Warning (13410): Pin "x[1]" is stuck at GND File: C:/Users/cdeme/Desktop/UofT/Second Year/Fall/ECE241/Lab2/Part2/ECE241Lab2Part2.v Line: 16
    Warning (13410): Pin "x[2]" is stuck at GND File: C:/Users/cdeme/Desktop/UofT/Second Year/Fall/ECE241/Lab2/Part2/ECE241Lab2Part2.v Line: 16
    Warning (13410): Pin "x[3]" is stuck at GND File: C:/Users/cdeme/Desktop/UofT/Second Year/Fall/ECE241/Lab2/Part2/ECE241Lab2Part2.v Line: 16
    Warning (13410): Pin "x[4]" is stuck at GND File: C:/Users/cdeme/Desktop/UofT/Second Year/Fall/ECE241/Lab2/Part2/ECE241Lab2Part2.v Line: 16
    Warning (13410): Pin "x[5]" is stuck at GND File: C:/Users/cdeme/Desktop/UofT/Second Year/Fall/ECE241/Lab2/Part2/ECE241Lab2Part2.v Line: 16
    Warning (13410): Pin "x[6]" is stuck at GND File: C:/Users/cdeme/Desktop/UofT/Second Year/Fall/ECE241/Lab2/Part2/ECE241Lab2Part2.v Line: 16
    Warning (13410): Pin "x[7]" is stuck at GND File: C:/Users/cdeme/Desktop/UofT/Second Year/Fall/ECE241/Lab2/Part2/ECE241Lab2Part2.v Line: 16
    Warning (13410): Pin "y[0]" is stuck at GND File: C:/Users/cdeme/Desktop/UofT/Second Year/Fall/ECE241/Lab2/Part2/ECE241Lab2Part2.v Line: 17
    Warning (13410): Pin "y[1]" is stuck at GND File: C:/Users/cdeme/Desktop/UofT/Second Year/Fall/ECE241/Lab2/Part2/ECE241Lab2Part2.v Line: 17
    Warning (13410): Pin "y[2]" is stuck at GND File: C:/Users/cdeme/Desktop/UofT/Second Year/Fall/ECE241/Lab2/Part2/ECE241Lab2Part2.v Line: 17
    Warning (13410): Pin "y[3]" is stuck at GND File: C:/Users/cdeme/Desktop/UofT/Second Year/Fall/ECE241/Lab2/Part2/ECE241Lab2Part2.v Line: 17
    Warning (13410): Pin "y[4]" is stuck at GND File: C:/Users/cdeme/Desktop/UofT/Second Year/Fall/ECE241/Lab2/Part2/ECE241Lab2Part2.v Line: 17
    Warning (13410): Pin "y[5]" is stuck at GND File: C:/Users/cdeme/Desktop/UofT/Second Year/Fall/ECE241/Lab2/Part2/ECE241Lab2Part2.v Line: 17
    Warning (13410): Pin "y[6]" is stuck at GND File: C:/Users/cdeme/Desktop/UofT/Second Year/Fall/ECE241/Lab2/Part2/ECE241Lab2Part2.v Line: 17
    Warning (13410): Pin "colour[0]" is stuck at GND File: C:/Users/cdeme/Desktop/UofT/Second Year/Fall/ECE241/Lab2/Part2/ECE241Lab2Part2.v Line: 18
    Warning (13410): Pin "colour[1]" is stuck at GND File: C:/Users/cdeme/Desktop/UofT/Second Year/Fall/ECE241/Lab2/Part2/ECE241Lab2Part2.v Line: 18
    Warning (13410): Pin "colour[2]" is stuck at GND File: C:/Users/cdeme/Desktop/UofT/Second Year/Fall/ECE241/Lab2/Part2/ECE241Lab2Part2.v Line: 18
    Warning (13410): Pin "plot" is stuck at GND File: C:/Users/cdeme/Desktop/UofT/Second Year/Fall/ECE241/Lab2/Part2/ECE241Lab2Part2.v Line: 19
    Warning (13410): Pin "vga_resetn" is stuck at GND File: C:/Users/cdeme/Desktop/UofT/Second Year/Fall/ECE241/Lab2/Part2/ECE241Lab2Part2.v Line: 21
Info (286030): Timing-Driven Synthesis is running
Info (16010): Generating hard_block partition "hard_block:auto_generated_inst"
    Info (16011): Adding 0 node(s), including 0 DDIO, 0 PLL, 0 transceiver and 0 LCELL
Warning (21074): Design contains 12 input pin(s) that do not drive logic
    Warning (15610): No output dependent on input pin "CLOCK_50" File: C:/Users/cdeme/Desktop/UofT/Second Year/Fall/ECE241/Lab2/Part2/ECE241Lab2Part2.v Line: 6
    Warning (15610): No output dependent on input pin "SW[3]" File: C:/Users/cdeme/Desktop/UofT/Second Year/Fall/ECE241/Lab2/Part2/ECE241Lab2Part2.v Line: 7
    Warning (15610): No output dependent on input pin "SW[4]" File: C:/Users/cdeme/Desktop/UofT/Second Year/Fall/ECE241/Lab2/Part2/ECE241Lab2Part2.v Line: 7
    Warning (15610): No output dependent on input pin "SW[5]" File: C:/Users/cdeme/Desktop/UofT/Second Year/Fall/ECE241/Lab2/Part2/ECE241Lab2Part2.v Line: 7
    Warning (15610): No output dependent on input pin "SW[6]" File: C:/Users/cdeme/Desktop/UofT/Second Year/Fall/ECE241/Lab2/Part2/ECE241Lab2Part2.v Line: 7
    Warning (15610): No output dependent on input pin "SW[7]" File: C:/Users/cdeme/Desktop/UofT/Second Year/Fall/ECE241/Lab2/Part2/ECE241Lab2Part2.v Line: 7
    Warning (15610): No output dependent on input pin "SW[8]" File: C:/Users/cdeme/Desktop/UofT/Second Year/Fall/ECE241/Lab2/Part2/ECE241Lab2Part2.v Line: 7
    Warning (15610): No output dependent on input pin "SW[9]" File: C:/Users/cdeme/Desktop/UofT/Second Year/Fall/ECE241/Lab2/Part2/ECE241Lab2Part2.v Line: 7
    Warning (15610): No output dependent on input pin "KEY[0]" File: C:/Users/cdeme/Desktop/UofT/Second Year/Fall/ECE241/Lab2/Part2/ECE241Lab2Part2.v Line: 8
    Warning (15610): No output dependent on input pin "KEY[1]" File: C:/Users/cdeme/Desktop/UofT/Second Year/Fall/ECE241/Lab2/Part2/ECE241Lab2Part2.v Line: 8
    Warning (15610): No output dependent on input pin "KEY[2]" File: C:/Users/cdeme/Desktop/UofT/Second Year/Fall/ECE241/Lab2/Part2/ECE241Lab2Part2.v Line: 8
    Warning (15610): No output dependent on input pin "KEY[3]" File: C:/Users/cdeme/Desktop/UofT/Second Year/Fall/ECE241/Lab2/Part2/ECE241Lab2Part2.v Line: 8
Info (21057): Implemented 88 device resources after synthesis - the final resource count might be different
    Info (21058): Implemented 15 input pins
    Info (21059): Implemented 72 output pins
    Info (21061): Implemented 1 logic cells
Info: Quartus Prime Analysis & Synthesis was successful. 0 errors, 99 warnings
    Info: Peak virtual memory: 4819 megabytes
    Info: Processing ended: Sun Sep 26 23:39:36 2021
    Info: Elapsed time: 00:00:10
    Info: Total CPU time (on all processors): 00:00:18


