Analysis & Synthesis report for part3
Sat Nov 27 15:11:50 2021
Quartus Prime Version 18.0.0 Build 614 04/24/2018 SJ Lite Edition


---------------------
; Table of Contents ;
---------------------
  1. Legal Notice
  2. Analysis & Synthesis Summary
  3. Analysis & Synthesis Settings
  4. Parallel Compilation
  5. Analysis & Synthesis Source Files Read
  6. Analysis & Synthesis Resource Usage Summary
  7. Analysis & Synthesis Resource Utilization by Entity
  8. State Machine - |part3|posControl:pc|cs
  9. User-Specified and Inferred Latches
 10. Registers Removed During Synthesis
 11. General Register Statistics
 12. Multiplexer Restructuring Statistics (Restructuring Performed)
 13. Parameter Settings for User Entity Instance: Top-level Entity: |part3
 14. Port Connectivity Checks: "draw:dd"
 15. Port Connectivity Checks: "posDataPath:pd|frameCounter:framesCounter"
 16. Port Connectivity Checks: "posDataPath:pd|delayCounter:divider"
 17. Post-Synthesis Netlist Statistics for Top Partition
 18. Elapsed Time Per Partition
 19. Analysis & Synthesis Messages



----------------
; Legal Notice ;
----------------
Copyright (C) 2018  Intel Corporation. All rights reserved.
Your use of Intel Corporation's design tools, logic functions 
and other software and tools, and its AMPP partner logic 
functions, and any output files from any of the foregoing 
(including device programming or simulation files), and any 
associated documentation or information are expressly subject 
to the terms and conditions of the Intel Program License 
Subscription Agreement, the Intel Quartus Prime License Agreement,
the Intel FPGA IP License Agreement, or other applicable license
agreement, including, without limitation, that your use is for
the sole purpose of programming logic devices manufactured by
Intel and sold by Intel or its authorized distributors.  Please
refer to the applicable agreement for further details.



+-------------------------------------------------------------------------------+
; Analysis & Synthesis Summary                                                  ;
+---------------------------------+---------------------------------------------+
; Analysis & Synthesis Status     ; Successful - Sat Nov 27 15:11:50 2021       ;
; Quartus Prime Version           ; 18.0.0 Build 614 04/24/2018 SJ Lite Edition ;
; Revision Name                   ; part3                                       ;
; Top-level Entity Name           ; part3                                       ;
; Family                          ; Cyclone V                                   ;
; Logic utilization (in ALMs)     ; N/A                                         ;
; Total registers                 ; 46                                          ;
; Total pins                      ; 24                                          ;
; Total virtual pins              ; 0                                           ;
; Total block memory bits         ; 0                                           ;
; Total DSP Blocks                ; 0                                           ;
; Total HSSI RX PCSs              ; 0                                           ;
; Total HSSI PMA RX Deserializers ; 0                                           ;
; Total HSSI TX PCSs              ; 0                                           ;
; Total HSSI PMA TX Serializers   ; 0                                           ;
; Total PLLs                      ; 0                                           ;
; Total DLLs                      ; 0                                           ;
+---------------------------------+---------------------------------------------+


+---------------------------------------------------------------------------------------------------------------------------+
; Analysis & Synthesis Settings                                                                                             ;
+---------------------------------------------------------------------------------+--------------------+--------------------+
; Option                                                                          ; Setting            ; Default Value      ;
+---------------------------------------------------------------------------------+--------------------+--------------------+
; Device                                                                          ; 5CGXFC7C7F23C8     ;                    ;
; Top-level entity name                                                           ; part3              ; part3              ;
; Family name                                                                     ; Cyclone V          ; Cyclone V          ;
; Use smart compilation                                                           ; Off                ; Off                ;
; Enable parallel Assembler and Timing Analyzer during compilation                ; On                 ; On                 ;
; Enable compact report table                                                     ; Off                ; Off                ;
; Restructure Multiplexers                                                        ; Auto               ; Auto               ;
; MLAB Add Timing Constraints For Mixed-Port Feed-Through Mode Setting Don't Care ; Off                ; Off                ;
; Create Debugging Nodes for IP Cores                                             ; Off                ; Off                ;
; Preserve fewer node names                                                       ; On                 ; On                 ;
; Intel FPGA IP Evaluation Mode                                                   ; Enable             ; Enable             ;
; Verilog Version                                                                 ; Verilog_2001       ; Verilog_2001       ;
; VHDL Version                                                                    ; VHDL_1993          ; VHDL_1993          ;
; State Machine Processing                                                        ; Auto               ; Auto               ;
; Safe State Machine                                                              ; Off                ; Off                ;
; Extract Verilog State Machines                                                  ; On                 ; On                 ;
; Extract VHDL State Machines                                                     ; On                 ; On                 ;
; Ignore Verilog initial constructs                                               ; Off                ; Off                ;
; Iteration limit for constant Verilog loops                                      ; 5000               ; 5000               ;
; Iteration limit for non-constant Verilog loops                                  ; 250                ; 250                ;
; Add Pass-Through Logic to Inferred RAMs                                         ; On                 ; On                 ;
; Infer RAMs from Raw Logic                                                       ; On                 ; On                 ;
; Parallel Synthesis                                                              ; On                 ; On                 ;
; DSP Block Balancing                                                             ; Auto               ; Auto               ;
; NOT Gate Push-Back                                                              ; On                 ; On                 ;
; Power-Up Don't Care                                                             ; On                 ; On                 ;
; Remove Redundant Logic Cells                                                    ; Off                ; Off                ;
; Remove Duplicate Registers                                                      ; On                 ; On                 ;
; Ignore CARRY Buffers                                                            ; Off                ; Off                ;
; Ignore CASCADE Buffers                                                          ; Off                ; Off                ;
; Ignore GLOBAL Buffers                                                           ; Off                ; Off                ;
; Ignore ROW GLOBAL Buffers                                                       ; Off                ; Off                ;
; Ignore LCELL Buffers                                                            ; Off                ; Off                ;
; Ignore SOFT Buffers                                                             ; On                 ; On                 ;
; Limit AHDL Integers to 32 Bits                                                  ; Off                ; Off                ;
; Optimization Technique                                                          ; Balanced           ; Balanced           ;
; Carry Chain Length                                                              ; 70                 ; 70                 ;
; Auto Carry Chains                                                               ; On                 ; On                 ;
; Auto Open-Drain Pins                                                            ; On                 ; On                 ;
; Perform WYSIWYG Primitive Resynthesis                                           ; Off                ; Off                ;
; Auto ROM Replacement                                                            ; On                 ; On                 ;
; Auto RAM Replacement                                                            ; On                 ; On                 ;
; Auto DSP Block Replacement                                                      ; On                 ; On                 ;
; Auto Shift Register Replacement                                                 ; Auto               ; Auto               ;
; Allow Shift Register Merging across Hierarchies                                 ; Auto               ; Auto               ;
; Auto Clock Enable Replacement                                                   ; On                 ; On                 ;
; Strict RAM Replacement                                                          ; Off                ; Off                ;
; Allow Synchronous Control Signals                                               ; On                 ; On                 ;
; Force Use of Synchronous Clear Signals                                          ; Off                ; Off                ;
; Auto Resource Sharing                                                           ; Off                ; Off                ;
; Allow Any RAM Size For Recognition                                              ; Off                ; Off                ;
; Allow Any ROM Size For Recognition                                              ; Off                ; Off                ;
; Allow Any Shift Register Size For Recognition                                   ; Off                ; Off                ;
; Use LogicLock Constraints during Resource Balancing                             ; On                 ; On                 ;
; Ignore translate_off and synthesis_off directives                               ; Off                ; Off                ;
; Timing-Driven Synthesis                                                         ; On                 ; On                 ;
; Report Parameter Settings                                                       ; On                 ; On                 ;
; Report Source Assignments                                                       ; On                 ; On                 ;
; Report Connectivity Checks                                                      ; On                 ; On                 ;
; Ignore Maximum Fan-Out Assignments                                              ; Off                ; Off                ;
; Synchronization Register Chain Length                                           ; 3                  ; 3                  ;
; Power Optimization During Synthesis                                             ; Normal compilation ; Normal compilation ;
; HDL message level                                                               ; Level2             ; Level2             ;
; Suppress Register Optimization Related Messages                                 ; Off                ; Off                ;
; Number of Removed Registers Reported in Synthesis Report                        ; 5000               ; 5000               ;
; Number of Swept Nodes Reported in Synthesis Report                              ; 5000               ; 5000               ;
; Number of Inverted Registers Reported in Synthesis Report                       ; 100                ; 100                ;
; Clock MUX Protection                                                            ; On                 ; On                 ;
; Auto Gated Clock Conversion                                                     ; Off                ; Off                ;
; Block Design Naming                                                             ; Auto               ; Auto               ;
; SDC constraint protection                                                       ; Off                ; Off                ;
; Synthesis Effort                                                                ; Auto               ; Auto               ;
; Shift Register Replacement - Allow Asynchronous Clear Signal                    ; On                 ; On                 ;
; Pre-Mapping Resynthesis Optimization                                            ; Off                ; Off                ;
; Analysis & Synthesis Message Level                                              ; Medium             ; Medium             ;
; Disable Register Merging Across Hierarchies                                     ; Auto               ; Auto               ;
; Resource Aware Inference For Block RAM                                          ; On                 ; On                 ;
; Automatic Parallel Synthesis                                                    ; On                 ; On                 ;
; Partial Reconfiguration Bitstream ID                                            ; Off                ; Off                ;
+---------------------------------------------------------------------------------+--------------------+--------------------+


+------------------------------------------+
; Parallel Compilation                     ;
+----------------------------+-------------+
; Processors                 ; Number      ;
+----------------------------+-------------+
; Number detected on machine ; 12          ;
; Maximum allowed            ; 6           ;
;                            ;             ;
; Average used               ; 1.00        ;
; Maximum used               ; 6           ;
;                            ;             ;
; Usage by Processor         ; % Time Used ;
;     Processor 1            ; 100.0%      ;
;     Processors 2-6         ;   0.0%      ;
+----------------------------+-------------+


+----------------------------------------------------------------------------------------------------------------------------------------------------------------+
; Analysis & Synthesis Source Files Read                                                                                                                         ;
+----------------------------------+-----------------+------------------------+------------------------------------------------------------------------+---------+
; File Name with User-Entered Path ; Used in Netlist ; File Type              ; File Name with Absolute Path                                           ; Library ;
+----------------------------------+-----------------+------------------------+------------------------------------------------------------------------+---------+
; part3.v                          ; yes             ; User Verilog HDL File  ; C:/Users/cdeme/Desktop/UofT/Second Year/Fall/ECE241/Lab7/Part3/part3.v ;         ;
+----------------------------------+-----------------+------------------------+------------------------------------------------------------------------+---------+


+------------------------------------------------------------------------------------------+
; Analysis & Synthesis Resource Usage Summary                                              ;
+---------------------------------------------+--------------------------------------------+
; Resource                                    ; Usage                                      ;
+---------------------------------------------+--------------------------------------------+
; Estimate of Logic utilization (ALMs needed) ; 51                                         ;
;                                             ;                                            ;
; Combinational ALUT usage for logic          ; 78                                         ;
;     -- 7 input functions                    ; 4                                          ;
;     -- 6 input functions                    ; 18                                         ;
;     -- 5 input functions                    ; 10                                         ;
;     -- 4 input functions                    ; 8                                          ;
;     -- <=3 input functions                  ; 38                                         ;
;                                             ;                                            ;
; Dedicated logic registers                   ; 46                                         ;
;                                             ;                                            ;
; I/O pins                                    ; 24                                         ;
;                                             ;                                            ;
; Total DSP Blocks                            ; 0                                          ;
;                                             ;                                            ;
; Maximum fan-out node                        ; posDataPath:pd|delayCounter:divider|Equal0 ;
; Maximum fan-out                             ; 33                                         ;
; Total fan-out                               ; 466                                        ;
; Average fan-out                             ; 2.71                                       ;
+---------------------------------------------+--------------------------------------------+


+------------------------------------------------------------------------------------------------------------------------------------------------------------------------------------------------------------------------------+
; Analysis & Synthesis Resource Utilization by Entity                                                                                                                                                                          ;
+------------------------------------+---------------------+---------------------------+-------------------+------------+------+--------------+--------------------------------------------------+--------------+--------------+
; Compilation Hierarchy Node         ; Combinational ALUTs ; Dedicated Logic Registers ; Block Memory Bits ; DSP Blocks ; Pins ; Virtual Pins ; Full Hierarchy Name                              ; Entity Name  ; Library Name ;
+------------------------------------+---------------------+---------------------------+-------------------+------------+------+--------------+--------------------------------------------------+--------------+--------------+
; |part3                             ; 78 (0)              ; 46 (0)                    ; 0                 ; 0          ; 24   ; 0            ; |part3                                           ; part3        ; work         ;
;    |draw:dd|                       ; 45 (45)             ; 24 (24)                   ; 0                 ; 0          ; 0    ; 0            ; |part3|draw:dd                                   ; draw         ; work         ;
;    |posControl:pc|                 ; 14 (14)             ; 7 (7)                     ; 0                 ; 0          ; 0    ; 0            ; |part3|posControl:pc                             ; posControl   ; work         ;
;    |posDataPath:pd|                ; 19 (0)              ; 15 (0)                    ; 0                 ; 0          ; 0    ; 0            ; |part3|posDataPath:pd                            ; posDataPath  ; work         ;
;       |delayCounter:divider|       ; 7 (7)               ; 5 (5)                     ; 0                 ; 0          ; 0    ; 0            ; |part3|posDataPath:pd|delayCounter:divider       ; delayCounter ; work         ;
;       |frameCounter:framesCounter| ; 4 (4)               ; 4 (4)                     ; 0                 ; 0          ; 0    ; 0            ; |part3|posDataPath:pd|frameCounter:framesCounter ; frameCounter ; work         ;
;       |xCounter:xPosCounter|       ; 5 (5)               ; 4 (4)                     ; 0                 ; 0          ; 0    ; 0            ; |part3|posDataPath:pd|xCounter:xPosCounter       ; xCounter     ; work         ;
;       |yCounter:yPosCounter|       ; 3 (3)               ; 2 (2)                     ; 0                 ; 0          ; 0    ; 0            ; |part3|posDataPath:pd|yCounter:yPosCounter       ; yCounter     ; work         ;
+------------------------------------+---------------------+---------------------------+-------------------+------------+------+--------------+--------------------------------------------------+--------------+--------------+
Note: For table entries with two numbers listed, the numbers in parentheses indicate the number of resources of the given type used by the specific entity alone. The numbers listed outside of parentheses indicate the total resources of the given type used by the specific entity and all of its sub-entities in the hierarchy.


Encoding Type:  One-Hot
+---------------------------------------------------------------------------------------------------------------------------------------------------+
; State Machine - |part3|posControl:pc|cs                                                                                                           ;
+---------------------+-------------------+-----------------+-----------------+----------------+-----------+---------------------+------------------+
; Name                ; cs.S_clear_screen ; cs.S_update_pos ; cs.S_change_dir ; cs.S_check_pos ; cs.S_draw ; cs.S_reset_counters ; cs.S_initial_set ;
+---------------------+-------------------+-----------------+-----------------+----------------+-----------+---------------------+------------------+
; cs.S_initial_set    ; 0                 ; 0               ; 0               ; 0              ; 0         ; 0                   ; 0                ;
; cs.S_reset_counters ; 0                 ; 0               ; 0               ; 0              ; 0         ; 1                   ; 1                ;
; cs.S_draw           ; 0                 ; 0               ; 0               ; 0              ; 1         ; 0                   ; 1                ;
; cs.S_check_pos      ; 0                 ; 0               ; 0               ; 1              ; 0         ; 0                   ; 1                ;
; cs.S_change_dir     ; 0                 ; 0               ; 1               ; 0              ; 0         ; 0                   ; 1                ;
; cs.S_update_pos     ; 0                 ; 1               ; 0               ; 0              ; 0         ; 0                   ; 1                ;
; cs.S_clear_screen   ; 1                 ; 0               ; 0               ; 0              ; 0         ; 0                   ; 1                ;
+---------------------+-------------------+-----------------+-----------------+----------------+-----------+---------------------+------------------+


+-------------------------------------------------------------------------------------------------------+
; User-Specified and Inferred Latches                                                                   ;
+----------------------------------------------------+-------------------------+------------------------+
; Latch Name                                         ; Latch Enable Signal     ; Free of Timing Hazards ;
+----------------------------------------------------+-------------------------+------------------------+
; posControl:pc|oDirH                                ; posControl:pc|Selector5 ; yes                    ;
; posControl:pc|oDirY                                ; posControl:pc|Selector3 ; yes                    ;
; Number of user-specified and inferred latches = 2  ;                         ;                        ;
+----------------------------------------------------+-------------------------+------------------------+
Note: All latches listed above may not be present at the end of synthesis due to various synthesis optimizations.


+-------------------------------------------------------------------------------------------------------+
; Registers Removed During Synthesis                                                                    ;
+---------------------------------------------+---------------------------------------------------------+
; Register name                               ; Reason for Removal                                      ;
+---------------------------------------------+---------------------------------------------------------+
; draw:dd|colourBlackReg[0..2]                ; Stuck at GND due to stuck port data_in                  ;
; draw:dd|oX[6,7]                             ; Merged with draw:dd|oX[5]                               ;
; draw:dd|oY[4..6]                            ; Merged with draw:dd|oX[5]                               ;
; draw:dd|oX[5]                               ; Stuck at GND due to stuck port data_in                  ;
; posControl:pc|cs~2                          ; Lost fanout                                             ;
; posControl:pc|cs~3                          ; Lost fanout                                             ;
; posControl:pc|cs~4                          ; Lost fanout                                             ;
; posDataPath:pd|yCounter:yPosCounter|yPos[0] ; Merged with posDataPath:pd|xCounter:xPosCounter|xPos[0] ;
; Total Number of Removed Registers = 13      ;                                                         ;
+---------------------------------------------+---------------------------------------------------------+


+------------------------------------------------------+
; General Register Statistics                          ;
+----------------------------------------------+-------+
; Statistic                                    ; Value ;
+----------------------------------------------+-------+
; Total registers                              ; 46    ;
; Number of registers using Synchronous Clear  ; 4     ;
; Number of registers using Synchronous Load   ; 7     ;
; Number of registers using Asynchronous Clear ; 0     ;
; Number of registers using Asynchronous Load  ; 0     ;
; Number of registers using Clock Enable       ; 18    ;
; Number of registers using Preset             ; 0     ;
+----------------------------------------------+-------+


+-------------------------------------------------------------------------------------------------------------------------------------------------------------------+
; Multiplexer Restructuring Statistics (Restructuring Performed)                                                                                                    ;
+--------------------+-----------+---------------+----------------------+------------------------+------------+-----------------------------------------------------+
; Multiplexer Inputs ; Bus Width ; Baseline Area ; Area if Restructured ; Saving if Restructured ; Registered ; Example Multiplexer Output                          ;
+--------------------+-----------+---------------+----------------------+------------------------+------------+-----------------------------------------------------+
; 3:1                ; 7 bits    ; 14 LEs        ; 7 LEs                ; 7 LEs                  ; Yes        ; |part3|posDataPath:pd|yCounter:yPosCounter|yPos[0]  ;
; 3:1                ; 5 bits    ; 10 LEs        ; 5 LEs                ; 5 LEs                  ; Yes        ; |part3|draw:dd|oX[4]                                ;
; 3:1                ; 7 bits    ; 14 LEs        ; 7 LEs                ; 7 LEs                  ; Yes        ; |part3|draw:dd|oX[0]                                ;
; 3:1                ; 5 bits    ; 10 LEs        ; 10 LEs               ; 0 LEs                  ; Yes        ; |part3|posDataPath:pd|delayCounter:divider|value[0] ;
; 4:1                ; 4 bits    ; 8 LEs         ; 8 LEs                ; 0 LEs                  ; Yes        ; |part3|draw:dd|counterReg4bits[0]                   ;
; 5:1                ; 7 bits    ; 21 LEs        ; 14 LEs               ; 7 LEs                  ; Yes        ; |part3|draw:dd|counterReg8bits[5]                   ;
+--------------------+-----------+---------------+----------------------+------------------------+------------+-----------------------------------------------------+


+---------------------------------------------------------------------------------+
; Parameter Settings for User Entity Instance: Top-level Entity: |part3           ;
+----------------------------+----------------------------------+-----------------+
; Parameter Name             ; Value                            ; Type            ;
+----------------------------+----------------------------------+-----------------+
; X_SCREENSIZE               ; 160                              ; Signed Integer  ;
; Y_SCREENSIZE               ; 120                              ; Signed Integer  ;
; CLOCKS_PER_SECOND          ; 5000                             ; Signed Integer  ;
; X_BOXSIZE                  ; 00000100                         ; Unsigned Binary ;
; Y_BOXSIZE                  ; 0000100                          ; Unsigned Binary ;
; X_MAX                      ; 00000000000000000000000010011011 ; Unsigned Binary ;
; Y_MAX                      ; 00000000000000000000000001110011 ; Unsigned Binary ;
; PULSES_PER_SIXTIETH_SECOND ; 83                               ; Signed Integer  ;
+----------------------------+----------------------------------+-----------------+
Note: In order to hide this table in the UI and the text report file, please set the "Show Parameter Settings in Synthesis Report" option in "Analysis and Synthesis Settings -> More Settings" to "Off".


+--------------------------------------------------------------------------------------------------------------------------------------------------------+
; Port Connectivity Checks: "draw:dd"                                                                                                                    ;
+------------+--------+----------+-----------------------------------------------------------------------------------------------------------------------+
; Port       ; Type   ; Severity ; Details                                                                                                               ;
+------------+--------+----------+-----------------------------------------------------------------------------------------------------------------------+
; xPos[7..4] ; Input  ; Info     ; Stuck at GND                                                                                                          ;
; yPos[7..3] ; Input  ; Info     ; Stuck at GND                                                                                                          ;
; oY         ; Output ; Warning  ; Output or bidir port (8 bits) is wider than the port expression (7 bits) it drives; bit(s) "oY[7..7]" have no fanouts ;
+------------+--------+----------+-----------------------------------------------------------------------------------------------------------------------+


+-----------------------------------------------------------------------+
; Port Connectivity Checks: "posDataPath:pd|frameCounter:framesCounter" ;
+--------+-------+----------+-------------------------------------------+
; Port   ; Type  ; Severity ; Details                                   ;
+--------+-------+----------+-------------------------------------------+
; enable ; Input ; Info     ; Stuck at VCC                              ;
+--------+-------+----------+-------------------------------------------+


+-----------------------------------------------------------------+
; Port Connectivity Checks: "posDataPath:pd|delayCounter:divider" ;
+--------+-------+----------+-------------------------------------+
; Port   ; Type  ; Severity ; Details                             ;
+--------+-------+----------+-------------------------------------+
; enable ; Input ; Info     ; Stuck at VCC                        ;
+--------+-------+----------+-------------------------------------+


+-----------------------------------------------------+
; Post-Synthesis Netlist Statistics for Top Partition ;
+-----------------------+-----------------------------+
; Type                  ; Count                       ;
+-----------------------+-----------------------------+
; arriav_ff             ; 46                          ;
;     ENA               ; 11                          ;
;     ENA SLD           ; 7                           ;
;     SCLR              ; 4                           ;
;     plain             ; 24                          ;
; arriav_lcell_comb     ; 79                          ;
;     arith             ; 14                          ;
;         1 data inputs ; 13                          ;
;         2 data inputs ; 1                           ;
;     extend            ; 4                           ;
;         7 data inputs ; 4                           ;
;     normal            ; 61                          ;
;         0 data inputs ; 1                           ;
;         2 data inputs ; 16                          ;
;         3 data inputs ; 8                           ;
;         4 data inputs ; 8                           ;
;         5 data inputs ; 10                          ;
;         6 data inputs ; 18                          ;
; boundary_port         ; 24                          ;
;                       ;                             ;
; Max LUT depth         ; 3.00                        ;
; Average LUT depth     ; 1.68                        ;
+-----------------------+-----------------------------+


+-------------------------------+
; Elapsed Time Per Partition    ;
+----------------+--------------+
; Partition Name ; Elapsed Time ;
+----------------+--------------+
; Top            ; 00:00:00     ;
+----------------+--------------+


+-------------------------------+
; Analysis & Synthesis Messages ;
+-------------------------------+
Info: *******************************************************************
Info: Running Quartus Prime Analysis & Synthesis
    Info: Version 18.0.0 Build 614 04/24/2018 SJ Lite Edition
    Info: Processing started: Sat Nov 27 15:11:41 2021
Info: Command: quartus_map --read_settings_files=on --write_settings_files=off part3 -c part3
Warning (18236): Number of processors has not been specified which may cause overloading on shared machines.  Set the global assignment NUM_PARALLEL_PROCESSORS in your QSF to an appropriate value for best performance.
Info (20030): Parallel compilation is enabled and will use 6 of the 6 processors detected
Info (12021): Found 8 design units, including 8 entities, in source file part3.v
    Info (12023): Found entity 1: part3 File: C:/Users/cdeme/Desktop/UofT/Second Year/Fall/ECE241/Lab7/Part3/part3.v Line: 18
    Info (12023): Found entity 2: posControl File: C:/Users/cdeme/Desktop/UofT/Second Year/Fall/ECE241/Lab7/Part3/part3.v Line: 63
    Info (12023): Found entity 3: posDataPath File: C:/Users/cdeme/Desktop/UofT/Second Year/Fall/ECE241/Lab7/Part3/part3.v Line: 150
    Info (12023): Found entity 4: delayCounter File: C:/Users/cdeme/Desktop/UofT/Second Year/Fall/ECE241/Lab7/Part3/part3.v Line: 167
    Info (12023): Found entity 5: frameCounter File: C:/Users/cdeme/Desktop/UofT/Second Year/Fall/ECE241/Lab7/Part3/part3.v Line: 183
    Info (12023): Found entity 6: xCounter File: C:/Users/cdeme/Desktop/UofT/Second Year/Fall/ECE241/Lab7/Part3/part3.v Line: 196
    Info (12023): Found entity 7: yCounter File: C:/Users/cdeme/Desktop/UofT/Second Year/Fall/ECE241/Lab7/Part3/part3.v Line: 211
    Info (12023): Found entity 8: draw File: C:/Users/cdeme/Desktop/UofT/Second Year/Fall/ECE241/Lab7/Part3/part3.v Line: 226
Info (12127): Elaborating entity "part3" for the top level hierarchy
Info (12128): Elaborating entity "posControl" for hierarchy "posControl:pc" File: C:/Users/cdeme/Desktop/UofT/Second Year/Fall/ECE241/Lab7/Part3/part3.v Line: 48
Info (10264): Verilog HDL Case Statement information at part3.v(107): all case item expressions in this case statement are onehot File: C:/Users/cdeme/Desktop/UofT/Second Year/Fall/ECE241/Lab7/Part3/part3.v Line: 107
Warning (10240): Verilog HDL Always Construct warning at part3.v(99): inferring latch(es) for variable "oDirH", which holds its previous value in one or more paths through the always construct File: C:/Users/cdeme/Desktop/UofT/Second Year/Fall/ECE241/Lab7/Part3/part3.v Line: 99
Warning (10240): Verilog HDL Always Construct warning at part3.v(99): inferring latch(es) for variable "oDirY", which holds its previous value in one or more paths through the always construct File: C:/Users/cdeme/Desktop/UofT/Second Year/Fall/ECE241/Lab7/Part3/part3.v Line: 99
Info (10041): Inferred latch for "oDirY" at part3.v(99) File: C:/Users/cdeme/Desktop/UofT/Second Year/Fall/ECE241/Lab7/Part3/part3.v Line: 99
Info (10041): Inferred latch for "oDirH" at part3.v(99) File: C:/Users/cdeme/Desktop/UofT/Second Year/Fall/ECE241/Lab7/Part3/part3.v Line: 99
Info (12128): Elaborating entity "posDataPath" for hierarchy "posDataPath:pd" File: C:/Users/cdeme/Desktop/UofT/Second Year/Fall/ECE241/Lab7/Part3/part3.v Line: 49
Info (12128): Elaborating entity "delayCounter" for hierarchy "posDataPath:pd|delayCounter:divider" File: C:/Users/cdeme/Desktop/UofT/Second Year/Fall/ECE241/Lab7/Part3/part3.v Line: 157
Warning (10230): Verilog HDL assignment warning at part3.v(176): truncated value with size 32 to match size of target (5) File: C:/Users/cdeme/Desktop/UofT/Second Year/Fall/ECE241/Lab7/Part3/part3.v Line: 176
Warning (10230): Verilog HDL assignment warning at part3.v(179): truncated value with size 32 to match size of target (1) File: C:/Users/cdeme/Desktop/UofT/Second Year/Fall/ECE241/Lab7/Part3/part3.v Line: 179
Info (12128): Elaborating entity "frameCounter" for hierarchy "posDataPath:pd|frameCounter:framesCounter" File: C:/Users/cdeme/Desktop/UofT/Second Year/Fall/ECE241/Lab7/Part3/part3.v Line: 158
Warning (10230): Verilog HDL assignment warning at part3.v(189): truncated value with size 32 to match size of target (4) File: C:/Users/cdeme/Desktop/UofT/Second Year/Fall/ECE241/Lab7/Part3/part3.v Line: 189
Info (12128): Elaborating entity "xCounter" for hierarchy "posDataPath:pd|xCounter:xPosCounter" File: C:/Users/cdeme/Desktop/UofT/Second Year/Fall/ECE241/Lab7/Part3/part3.v Line: 159
Warning (10230): Verilog HDL assignment warning at part3.v(202): truncated value with size 32 to match size of target (4) File: C:/Users/cdeme/Desktop/UofT/Second Year/Fall/ECE241/Lab7/Part3/part3.v Line: 202
Warning (10230): Verilog HDL assignment warning at part3.v(204): truncated value with size 32 to match size of target (4) File: C:/Users/cdeme/Desktop/UofT/Second Year/Fall/ECE241/Lab7/Part3/part3.v Line: 204
Info (12128): Elaborating entity "yCounter" for hierarchy "posDataPath:pd|yCounter:yPosCounter" File: C:/Users/cdeme/Desktop/UofT/Second Year/Fall/ECE241/Lab7/Part3/part3.v Line: 160
Warning (10230): Verilog HDL assignment warning at part3.v(217): truncated value with size 32 to match size of target (3) File: C:/Users/cdeme/Desktop/UofT/Second Year/Fall/ECE241/Lab7/Part3/part3.v Line: 217
Warning (10230): Verilog HDL assignment warning at part3.v(219): truncated value with size 32 to match size of target (3) File: C:/Users/cdeme/Desktop/UofT/Second Year/Fall/ECE241/Lab7/Part3/part3.v Line: 219
Info (12128): Elaborating entity "draw" for hierarchy "draw:dd" File: C:/Users/cdeme/Desktop/UofT/Second Year/Fall/ECE241/Lab7/Part3/part3.v Line: 50
Warning (10230): Verilog HDL assignment warning at part3.v(244): truncated value with size 32 to match size of target (4) File: C:/Users/cdeme/Desktop/UofT/Second Year/Fall/ECE241/Lab7/Part3/part3.v Line: 244
Warning (10230): Verilog HDL assignment warning at part3.v(256): truncated value with size 32 to match size of target (8) File: C:/Users/cdeme/Desktop/UofT/Second Year/Fall/ECE241/Lab7/Part3/part3.v Line: 256
Warning (10230): Verilog HDL assignment warning at part3.v(258): truncated value with size 32 to match size of target (8) File: C:/Users/cdeme/Desktop/UofT/Second Year/Fall/ECE241/Lab7/Part3/part3.v Line: 258
Warning (12241): 1 hierarchies have connectivity warnings - see the Connectivity Checks report folder
Warning (13012): Latch posControl:pc|oDirH has unsafe behavior File: C:/Users/cdeme/Desktop/UofT/Second Year/Fall/ECE241/Lab7/Part3/part3.v Line: 64
    Warning (13013): Ports D and ENA on the latch are fed by the same signal posControl:pc|cs.S_change_dir File: C:/Users/cdeme/Desktop/UofT/Second Year/Fall/ECE241/Lab7/Part3/part3.v Line: 75
Warning (13012): Latch posControl:pc|oDirY has unsafe behavior File: C:/Users/cdeme/Desktop/UofT/Second Year/Fall/ECE241/Lab7/Part3/part3.v Line: 64
    Warning (13013): Ports D and ENA on the latch are fed by the same signal posControl:pc|cs.S_change_dir File: C:/Users/cdeme/Desktop/UofT/Second Year/Fall/ECE241/Lab7/Part3/part3.v Line: 75
Warning (13024): Output pins are stuck at VCC or GND
    Warning (13410): Pin "oX[5]" is stuck at GND File: C:/Users/cdeme/Desktop/UofT/Second Year/Fall/ECE241/Lab7/Part3/part3.v Line: 22
    Warning (13410): Pin "oX[6]" is stuck at GND File: C:/Users/cdeme/Desktop/UofT/Second Year/Fall/ECE241/Lab7/Part3/part3.v Line: 22
    Warning (13410): Pin "oX[7]" is stuck at GND File: C:/Users/cdeme/Desktop/UofT/Second Year/Fall/ECE241/Lab7/Part3/part3.v Line: 22
    Warning (13410): Pin "oY[4]" is stuck at GND File: C:/Users/cdeme/Desktop/UofT/Second Year/Fall/ECE241/Lab7/Part3/part3.v Line: 23
    Warning (13410): Pin "oY[5]" is stuck at GND File: C:/Users/cdeme/Desktop/UofT/Second Year/Fall/ECE241/Lab7/Part3/part3.v Line: 23
    Warning (13410): Pin "oY[6]" is stuck at GND File: C:/Users/cdeme/Desktop/UofT/Second Year/Fall/ECE241/Lab7/Part3/part3.v Line: 23
Info (286030): Timing-Driven Synthesis is running
Info (17049): 3 registers lost all their fanouts during netlist optimizations.
Info (16010): Generating hard_block partition "hard_block:auto_generated_inst"
    Info (16011): Adding 0 node(s), including 0 DDIO, 0 PLL, 0 transceiver and 0 LCELL
Info (21057): Implemented 103 device resources after synthesis - the final resource count might be different
    Info (21058): Implemented 5 input pins
    Info (21059): Implemented 19 output pins
    Info (21061): Implemented 79 logic cells
Info: Quartus Prime Analysis & Synthesis was successful. 0 errors, 25 warnings
    Info: Peak virtual memory: 4844 megabytes
    Info: Processing ended: Sat Nov 27 15:11:50 2021
    Info: Elapsed time: 00:00:09
    Info: Total CPU time (on all processors): 00:00:19


